Device: cpu
Sample device: cpu
Config: family=minimal d_x=40 d_model=128 L=8 heads=4 mask_tgt_tgt=True
Scale mechanism: canonical=True stat=mean_x2 scale_y=True controller=layer_gates gate_bound=3.0 log_clip=8.0
Minimal sampling scheme: scale_tau_direct
Training targets: tau in [1.0, 2.0, 3.0]
Tau window: [0.001, 16.0]
Scale window: [-2.0, 2.0]
Training context multipliers: gamma in [4, 8, 12]
Targets per episode: n_tgt=8
Minimal profiles: smooth span in [0.0, 8.0], step ranks in [1, 2, 3, 4, 5, 6, 7, 8, 9, 10, 11, 12, 13, 14, 15, 16], step rank distribution=inv_rank, step depth in [1.0, 8.0]
Parameters: 1,057,585
Best-checkpoint path: checkpoints/minimal_scale_canonical_single_dx40_tau16_am2p0_2p0_inv_rank_bs16_ga1_150000_s122.best.pt
Periodic snapshots every 10000 steps
LR floor: 1e-05
LR warmup: 1000 steps
Saved fixed validation bank to checkpoints/minimal_scale_tau_direct_dx40_tau16_am2p0_2p0_valbank_seed122.pt
Fixed validation bank: 30 batches
Sentinel: mode=stop train_loss_max=0.0 eval_ratio_max=0.0
  step     1/150000  train_loss=5.0439e-01  eval_mse=1.8760e+01  MSE/ridge=432.936  lr=5.00e-08  elapsed=0.0m  sec/step=0.051
    new best checkpoint: MSE/ridge=432.936 -> checkpoints/minimal_scale_canonical_single_dx40_tau16_am2p0_2p0_inv_rank_bs16_ga1_150000_s122.best.pt
  step  2000/150000  train_loss=5.2683e+00  eval_mse=3.4529e+00  MSE/ridge=107.694  lr=5.00e-05  elapsed=3.2m  sec/step=0.095
    new best checkpoint: MSE/ridge=107.694 -> checkpoints/minimal_scale_canonical_single_dx40_tau16_am2p0_2p0_inv_rank_bs16_ga1_150000_s122.best.pt
  step  4000/150000  train_loss=1.9823e+00  eval_mse=2.4356e+00  MSE/ridge=57.219  lr=4.99e-05  elapsed=6.4m  sec/step=0.096
    new best checkpoint: MSE/ridge=57.219 -> checkpoints/minimal_scale_canonical_single_dx40_tau16_am2p0_2p0_inv_rank_bs16_ga1_150000_s122.best.pt
  step  6000/150000  train_loss=7.5537e+00  eval_mse=1.3353e+00  MSE/ridge=37.321  lr=4.98e-05  elapsed=9.7m  sec/step=0.097
    new best checkpoint: MSE/ridge=37.321 -> checkpoints/minimal_scale_canonical_single_dx40_tau16_am2p0_2p0_inv_rank_bs16_ga1_150000_s122.best.pt
  step  8000/150000  train_loss=3.6185e-01  eval_mse=1.0686e+00  MSE/ridge=25.135  lr=4.97e-05  elapsed=13.0m  sec/step=0.097
    new best checkpoint: MSE/ridge=25.135 -> checkpoints/minimal_scale_canonical_single_dx40_tau16_am2p0_2p0_inv_rank_bs16_ga1_150000_s122.best.pt
  step 10000/150000  train_loss=1.0590e+00  eval_mse=8.8540e-01  MSE/ridge=21.209  lr=4.96e-05  elapsed=16.4m  sec/step=0.098
    new best checkpoint: MSE/ridge=21.209 -> checkpoints/minimal_scale_canonical_single_dx40_tau16_am2p0_2p0_inv_rank_bs16_ga1_150000_s122.best.pt
    saved snapshot: checkpoints/minimal_scale_canonical_single_dx40_tau16_am2p0_2p0_inv_rank_bs16_ga1_150000_s122.step10000.pt
  step 12000/150000  train_loss=8.0364e+00  eval_mse=7.3128e-01  MSE/ridge=16.822  lr=4.94e-05  elapsed=19.6m  sec/step=0.098
    new best checkpoint: MSE/ridge=16.822 -> checkpoints/minimal_scale_canonical_single_dx40_tau16_am2p0_2p0_inv_rank_bs16_ga1_150000_s122.best.pt
  step 14000/150000  train_loss=1.2302e+00  eval_mse=6.7651e-01  MSE/ridge=15.132  lr=4.92e-05  elapsed=22.9m  sec/step=0.098
    new best checkpoint: MSE/ridge=15.132 -> checkpoints/minimal_scale_canonical_single_dx40_tau16_am2p0_2p0_inv_rank_bs16_ga1_150000_s122.best.pt
  step 16000/150000  train_loss=2.3362e+00  eval_mse=6.0154e-01  MSE/ridge=13.289  lr=4.89e-05  elapsed=25.9m  sec/step=0.097
    new best checkpoint: MSE/ridge=13.289 -> checkpoints/minimal_scale_canonical_single_dx40_tau16_am2p0_2p0_inv_rank_bs16_ga1_150000_s122.best.pt
  step 18000/150000  train_loss=1.2857e-01  eval_mse=6.3291e-01  MSE/ridge=11.840  lr=4.86e-05  elapsed=28.9m  sec/step=0.096
    new best checkpoint: MSE/ridge=11.840 -> checkpoints/minimal_scale_canonical_single_dx40_tau16_am2p0_2p0_inv_rank_bs16_ga1_150000_s122.best.pt
  step 20000/150000  train_loss=2.8279e-01  eval_mse=5.1734e-01  MSE/ridge=9.984  lr=4.83e-05  elapsed=32.0m  sec/step=0.096
    new best checkpoint: MSE/ridge=9.984 -> checkpoints/minimal_scale_canonical_single_dx40_tau16_am2p0_2p0_inv_rank_bs16_ga1_150000_s122.best.pt
    saved snapshot: checkpoints/minimal_scale_canonical_single_dx40_tau16_am2p0_2p0_inv_rank_bs16_ga1_150000_s122.step20000.pt
  step 22000/150000  train_loss=2.0128e-01  eval_mse=4.3073e-01  MSE/ridge=8.818  lr=4.79e-05  elapsed=35.0m  sec/step=0.095
    new best checkpoint: MSE/ridge=8.818 -> checkpoints/minimal_scale_canonical_single_dx40_tau16_am2p0_2p0_inv_rank_bs16_ga1_150000_s122.best.pt
  step 24000/150000  train_loss=2.5059e-01  eval_mse=4.4552e-01  MSE/ridge=8.608  lr=4.75e-05  elapsed=37.9m  sec/step=0.095
    new best checkpoint: MSE/ridge=8.608 -> checkpoints/minimal_scale_canonical_single_dx40_tau16_am2p0_2p0_inv_rank_bs16_ga1_150000_s122.best.pt
  step 26000/150000  train_loss=3.4526e-01  eval_mse=3.7887e-01  MSE/ridge=7.264  lr=4.71e-05  elapsed=41.0m  sec/step=0.095
    new best checkpoint: MSE/ridge=7.264 -> checkpoints/minimal_scale_canonical_single_dx40_tau16_am2p0_2p0_inv_rank_bs16_ga1_150000_s122.best.pt
  step 28000/150000  train_loss=8.5259e-02  eval_mse=3.6439e-01  MSE/ridge=6.807  lr=4.67e-05  elapsed=44.1m  sec/step=0.095
    new best checkpoint: MSE/ridge=6.807 -> checkpoints/minimal_scale_canonical_single_dx40_tau16_am2p0_2p0_inv_rank_bs16_ga1_150000_s122.best.pt
  step 30000/150000  train_loss=3.3296e-01  eval_mse=3.1921e-01  MSE/ridge=5.621  lr=4.62e-05  elapsed=47.2m  sec/step=0.094
    new best checkpoint: MSE/ridge=5.621 -> checkpoints/minimal_scale_canonical_single_dx40_tau16_am2p0_2p0_inv_rank_bs16_ga1_150000_s122.best.pt
    saved snapshot: checkpoints/minimal_scale_canonical_single_dx40_tau16_am2p0_2p0_inv_rank_bs16_ga1_150000_s122.step30000.pt
  step 32000/150000  train_loss=5.7441e-02  eval_mse=2.9086e-01  MSE/ridge=5.047  lr=4.57e-05  elapsed=50.3m  sec/step=0.094
    new best checkpoint: MSE/ridge=5.047 -> checkpoints/minimal_scale_canonical_single_dx40_tau16_am2p0_2p0_inv_rank_bs16_ga1_150000_s122.best.pt
  step 34000/150000  train_loss=5.2633e-01  eval_mse=3.0038e-01  MSE/ridge=5.319  lr=4.51e-05  elapsed=53.5m  sec/step=0.094
  step 36000/150000  train_loss=6.8105e-02  eval_mse=2.8841e-01  MSE/ridge=4.560  lr=4.46e-05  elapsed=56.5m  sec/step=0.094
    new best checkpoint: MSE/ridge=4.560 -> checkpoints/minimal_scale_canonical_single_dx40_tau16_am2p0_2p0_inv_rank_bs16_ga1_150000_s122.best.pt
  step 38000/150000  train_loss=8.4354e-02  eval_mse=2.5706e-01  MSE/ridge=4.038  lr=4.40e-05  elapsed=59.6m  sec/step=0.094
    new best checkpoint: MSE/ridge=4.038 -> checkpoints/minimal_scale_canonical_single_dx40_tau16_am2p0_2p0_inv_rank_bs16_ga1_150000_s122.best.pt
  step 40000/150000  train_loss=1.5796e-01  eval_mse=2.5104e-01  MSE/ridge=3.750  lr=4.34e-05  elapsed=62.7m  sec/step=0.094
    new best checkpoint: MSE/ridge=3.750 -> checkpoints/minimal_scale_canonical_single_dx40_tau16_am2p0_2p0_inv_rank_bs16_ga1_150000_s122.best.pt
    saved snapshot: checkpoints/minimal_scale_canonical_single_dx40_tau16_am2p0_2p0_inv_rank_bs16_ga1_150000_s122.step40000.pt
  step 42000/150000  train_loss=8.1762e-01  eval_mse=2.5015e-01  MSE/ridge=4.052  lr=4.28e-05  elapsed=65.9m  sec/step=0.094
  step 44000/150000  train_loss=1.6643e-01  eval_mse=2.3506e-01  MSE/ridge=3.624  lr=4.21e-05  elapsed=69.1m  sec/step=0.094
    new best checkpoint: MSE/ridge=3.624 -> checkpoints/minimal_scale_canonical_single_dx40_tau16_am2p0_2p0_inv_rank_bs16_ga1_150000_s122.best.pt
  step 46000/150000  train_loss=1.6763e-01  eval_mse=2.1465e-01  MSE/ridge=3.267  lr=4.14e-05  elapsed=72.3m  sec/step=0.094
    new best checkpoint: MSE/ridge=3.267 -> checkpoints/minimal_scale_canonical_single_dx40_tau16_am2p0_2p0_inv_rank_bs16_ga1_150000_s122.best.pt
  step 48000/150000  train_loss=7.3445e-02  eval_mse=2.1386e-01  MSE/ridge=3.249  lr=4.07e-05  elapsed=75.4m  sec/step=0.094
    new best checkpoint: MSE/ridge=3.249 -> checkpoints/minimal_scale_canonical_single_dx40_tau16_am2p0_2p0_inv_rank_bs16_ga1_150000_s122.best.pt
  step 50000/150000  train_loss=1.0743e-01  eval_mse=2.1233e-01  MSE/ridge=3.182  lr=4.00e-05  elapsed=78.4m  sec/step=0.094
    new best checkpoint: MSE/ridge=3.182 -> checkpoints/minimal_scale_canonical_single_dx40_tau16_am2p0_2p0_inv_rank_bs16_ga1_150000_s122.best.pt
    saved snapshot: checkpoints/minimal_scale_canonical_single_dx40_tau16_am2p0_2p0_inv_rank_bs16_ga1_150000_s122.step50000.pt
  step 52000/150000  train_loss=2.4242e-01  eval_mse=2.0249e-01  MSE/ridge=3.063  lr=3.93e-05  elapsed=81.5m  sec/step=0.094
    new best checkpoint: MSE/ridge=3.063 -> checkpoints/minimal_scale_canonical_single_dx40_tau16_am2p0_2p0_inv_rank_bs16_ga1_150000_s122.best.pt
  step 54000/150000  train_loss=1.3001e-01  eval_mse=1.9147e-01  MSE/ridge=2.710  lr=3.85e-05  elapsed=84.5m  sec/step=0.094
    new best checkpoint: MSE/ridge=2.710 -> checkpoints/minimal_scale_canonical_single_dx40_tau16_am2p0_2p0_inv_rank_bs16_ga1_150000_s122.best.pt
  step 56000/150000  train_loss=8.5171e-02  eval_mse=1.9073e-01  MSE/ridge=2.624  lr=3.78e-05  elapsed=87.6m  sec/step=0.094
    new best checkpoint: MSE/ridge=2.624 -> checkpoints/minimal_scale_canonical_single_dx40_tau16_am2p0_2p0_inv_rank_bs16_ga1_150000_s122.best.pt
  step 58000/150000  train_loss=4.5413e-01  eval_mse=1.9413e-01  MSE/ridge=2.766  lr=3.70e-05  elapsed=90.8m  sec/step=0.094
  step 60000/150000  train_loss=3.0879e-01  eval_mse=1.9122e-01  MSE/ridge=2.789  lr=3.62e-05  elapsed=94.1m  sec/step=0.094
    saved snapshot: checkpoints/minimal_scale_canonical_single_dx40_tau16_am2p0_2p0_inv_rank_bs16_ga1_150000_s122.step60000.pt
  step 62000/150000  train_loss=7.2056e-02  eval_mse=1.8863e-01  MSE/ridge=2.572  lr=3.54e-05  elapsed=97.3m  sec/step=0.094
    new best checkpoint: MSE/ridge=2.572 -> checkpoints/minimal_scale_canonical_single_dx40_tau16_am2p0_2p0_inv_rank_bs16_ga1_150000_s122.best.pt
  step 64000/150000  train_loss=4.1036e-01  eval_mse=1.8799e-01  MSE/ridge=2.577  lr=3.46e-05  elapsed=100.6m  sec/step=0.094
  step 66000/150000  train_loss=1.0996e-01  eval_mse=1.7926e-01  MSE/ridge=2.370  lr=3.38e-05  elapsed=103.8m  sec/step=0.094
    new best checkpoint: MSE/ridge=2.370 -> checkpoints/minimal_scale_canonical_single_dx40_tau16_am2p0_2p0_inv_rank_bs16_ga1_150000_s122.best.pt
  step 68000/150000  train_loss=6.2813e-02  eval_mse=1.7757e-01  MSE/ridge=2.358  lr=3.29e-05  elapsed=107.0m  sec/step=0.094
    new best checkpoint: MSE/ridge=2.358 -> checkpoints/minimal_scale_canonical_single_dx40_tau16_am2p0_2p0_inv_rank_bs16_ga1_150000_s122.best.pt
  step 70000/150000  train_loss=1.1024e-01  eval_mse=1.7550e-01  MSE/ridge=2.327  lr=3.21e-05  elapsed=110.4m  sec/step=0.095
    new best checkpoint: MSE/ridge=2.327 -> checkpoints/minimal_scale_canonical_single_dx40_tau16_am2p0_2p0_inv_rank_bs16_ga1_150000_s122.best.pt
    saved snapshot: checkpoints/minimal_scale_canonical_single_dx40_tau16_am2p0_2p0_inv_rank_bs16_ga1_150000_s122.step70000.pt
  step 72000/150000  train_loss=1.9283e-01  eval_mse=1.7135e-01  MSE/ridge=2.206  lr=3.13e-05  elapsed=113.6m  sec/step=0.095
    new best checkpoint: MSE/ridge=2.206 -> checkpoints/minimal_scale_canonical_single_dx40_tau16_am2p0_2p0_inv_rank_bs16_ga1_150000_s122.best.pt
  step 74000/150000  train_loss=1.4871e-01  eval_mse=1.6881e-01  MSE/ridge=2.192  lr=3.04e-05  elapsed=116.9m  sec/step=0.095
    new best checkpoint: MSE/ridge=2.192 -> checkpoints/minimal_scale_canonical_single_dx40_tau16_am2p0_2p0_inv_rank_bs16_ga1_150000_s122.best.pt
  step 76000/150000  train_loss=3.1552e-01  eval_mse=1.7132e-01  MSE/ridge=2.245  lr=2.96e-05  elapsed=120.1m  sec/step=0.095
  step 78000/150000  train_loss=1.8508e-01  eval_mse=1.7105e-01  MSE/ridge=2.128  lr=2.87e-05  elapsed=123.4m  sec/step=0.095
    new best checkpoint: MSE/ridge=2.128 -> checkpoints/minimal_scale_canonical_single_dx40_tau16_am2p0_2p0_inv_rank_bs16_ga1_150000_s122.best.pt
  step 80000/150000  train_loss=6.3248e-01  eval_mse=1.7504e-01  MSE/ridge=2.280  lr=2.79e-05  elapsed=126.6m  sec/step=0.095
    saved snapshot: checkpoints/minimal_scale_canonical_single_dx40_tau16_am2p0_2p0_inv_rank_bs16_ga1_150000_s122.step80000.pt
  step 82000/150000  train_loss=1.6363e-01  eval_mse=1.8384e-01  MSE/ridge=2.459  lr=2.71e-05  elapsed=129.8m  sec/step=0.095
  step 84000/150000  train_loss=2.9552e-01  eval_mse=1.7053e-01  MSE/ridge=2.247  lr=2.63e-05  elapsed=133.1m  sec/step=0.095
  step 86000/150000  train_loss=5.0740e-02  eval_mse=1.6835e-01  MSE/ridge=2.096  lr=2.54e-05  elapsed=136.2m  sec/step=0.095
    new best checkpoint: MSE/ridge=2.096 -> checkpoints/minimal_scale_canonical_single_dx40_tau16_am2p0_2p0_inv_rank_bs16_ga1_150000_s122.best.pt
  step 88000/150000  train_loss=1.0845e-01  eval_mse=1.6830e-01  MSE/ridge=2.074  lr=2.46e-05  elapsed=139.5m  sec/step=0.095
    new best checkpoint: MSE/ridge=2.074 -> checkpoints/minimal_scale_canonical_single_dx40_tau16_am2p0_2p0_inv_rank_bs16_ga1_150000_s122.best.pt
  step 90000/150000  train_loss=1.3992e-01  eval_mse=1.6224e-01  MSE/ridge=2.021  lr=2.38e-05  elapsed=142.6m  sec/step=0.095
    new best checkpoint: MSE/ridge=2.021 -> checkpoints/minimal_scale_canonical_single_dx40_tau16_am2p0_2p0_inv_rank_bs16_ga1_150000_s122.best.pt
    saved snapshot: checkpoints/minimal_scale_canonical_single_dx40_tau16_am2p0_2p0_inv_rank_bs16_ga1_150000_s122.step90000.pt
  step 92000/150000  train_loss=2.6209e-01  eval_mse=1.5977e-01  MSE/ridge=1.952  lr=2.30e-05  elapsed=145.8m  sec/step=0.095
    new best checkpoint: MSE/ridge=1.952 -> checkpoints/minimal_scale_canonical_single_dx40_tau16_am2p0_2p0_inv_rank_bs16_ga1_150000_s122.best.pt
  step 94000/150000  train_loss=1.8534e-01  eval_mse=1.5967e-01  MSE/ridge=1.917  lr=2.23e-05  elapsed=149.1m  sec/step=0.095
    new best checkpoint: MSE/ridge=1.917 -> checkpoints/minimal_scale_canonical_single_dx40_tau16_am2p0_2p0_inv_rank_bs16_ga1_150000_s122.best.pt
  step 96000/150000  train_loss=1.1630e-01  eval_mse=1.5803e-01  MSE/ridge=1.944  lr=2.15e-05  elapsed=152.2m  sec/step=0.095
  step 98000/150000  train_loss=7.7636e-02  eval_mse=1.6072e-01  MSE/ridge=1.958  lr=2.07e-05  elapsed=155.4m  sec/step=0.095
  step 100000/150000  train_loss=8.4627e-02  eval_mse=1.5955e-01  MSE/ridge=1.944  lr=2.00e-05  elapsed=158.5m  sec/step=0.095
    saved snapshot: checkpoints/minimal_scale_canonical_single_dx40_tau16_am2p0_2p0_inv_rank_bs16_ga1_150000_s122.step100000.pt
  step 102000/150000  train_loss=1.5747e-01  eval_mse=1.5579e-01  MSE/ridge=1.883  lr=1.93e-05  elapsed=161.6m  sec/step=0.095
    new best checkpoint: MSE/ridge=1.883 -> checkpoints/minimal_scale_canonical_single_dx40_tau16_am2p0_2p0_inv_rank_bs16_ga1_150000_s122.best.pt
  step 104000/150000  train_loss=1.9489e-01  eval_mse=1.5413e-01  MSE/ridge=1.853  lr=1.86e-05  elapsed=164.3m  sec/step=0.095
    new best checkpoint: MSE/ridge=1.853 -> checkpoints/minimal_scale_canonical_single_dx40_tau16_am2p0_2p0_inv_rank_bs16_ga1_150000_s122.best.pt
  step 106000/150000  train_loss=1.5730e-01  eval_mse=1.5634e-01  MSE/ridge=1.894  lr=1.79e-05  elapsed=166.5m  sec/step=0.094
  step 108000/150000  train_loss=8.6616e-02  eval_mse=1.5479e-01  MSE/ridge=1.837  lr=1.73e-05  elapsed=168.7m  sec/step=0.094
    new best checkpoint: MSE/ridge=1.837 -> checkpoints/minimal_scale_canonical_single_dx40_tau16_am2p0_2p0_inv_rank_bs16_ga1_150000_s122.best.pt
  step 110000/150000  train_loss=7.7246e-02  eval_mse=1.5264e-01  MSE/ridge=1.812  lr=1.66e-05  elapsed=171.0m  sec/step=0.093
    new best checkpoint: MSE/ridge=1.812 -> checkpoints/minimal_scale_canonical_single_dx40_tau16_am2p0_2p0_inv_rank_bs16_ga1_150000_s122.best.pt
    saved snapshot: checkpoints/minimal_scale_canonical_single_dx40_tau16_am2p0_2p0_inv_rank_bs16_ga1_150000_s122.step110000.pt
  step 112000/150000  train_loss=1.4913e-01  eval_mse=1.5670e-01  MSE/ridge=1.886  lr=1.60e-05  elapsed=173.4m  sec/step=0.093
  step 114000/150000  train_loss=7.8745e-02  eval_mse=1.5048e-01  MSE/ridge=1.782  lr=1.54e-05  elapsed=176.7m  sec/step=0.093
    new best checkpoint: MSE/ridge=1.782 -> checkpoints/minimal_scale_canonical_single_dx40_tau16_am2p0_2p0_inv_rank_bs16_ga1_150000_s122.best.pt
  step 116000/150000  train_loss=1.9431e-01  eval_mse=1.5047e-01  MSE/ridge=1.754  lr=1.49e-05  elapsed=179.2m  sec/step=0.093
    new best checkpoint: MSE/ridge=1.754 -> checkpoints/minimal_scale_canonical_single_dx40_tau16_am2p0_2p0_inv_rank_bs16_ga1_150000_s122.best.pt
  step 118000/150000  train_loss=3.7430e-02  eval_mse=1.5091e-01  MSE/ridge=1.742  lr=1.43e-05  elapsed=181.5m  sec/step=0.092
    new best checkpoint: MSE/ridge=1.742 -> checkpoints/minimal_scale_canonical_single_dx40_tau16_am2p0_2p0_inv_rank_bs16_ga1_150000_s122.best.pt
  step 120000/150000  train_loss=6.4706e-02  eval_mse=1.5043e-01  MSE/ridge=1.797  lr=1.38e-05  elapsed=183.7m  sec/step=0.092
    saved snapshot: checkpoints/minimal_scale_canonical_single_dx40_tau16_am2p0_2p0_inv_rank_bs16_ga1_150000_s122.step120000.pt
  step 122000/150000  train_loss=1.3200e-01  eval_mse=1.4963e-01  MSE/ridge=1.766  lr=1.33e-05  elapsed=186.1m  sec/step=0.092
  step 124000/150000  train_loss=7.8597e-02  eval_mse=1.5052e-01  MSE/ridge=1.769  lr=1.29e-05  elapsed=188.3m  sec/step=0.091
  step 126000/150000  train_loss=1.5737e-01  eval_mse=1.4908e-01  MSE/ridge=1.766  lr=1.25e-05  elapsed=190.4m  sec/step=0.091
  step 128000/150000  train_loss=1.7748e-01  eval_mse=1.4967e-01  MSE/ridge=1.780  lr=1.21e-05  elapsed=192.7m  sec/step=0.090
  step 130000/150000  train_loss=1.2076e-01  eval_mse=1.5038e-01  MSE/ridge=1.756  lr=1.17e-05  elapsed=194.9m  sec/step=0.090
    saved snapshot: checkpoints/minimal_scale_canonical_single_dx40_tau16_am2p0_2p0_inv_rank_bs16_ga1_150000_s122.step130000.pt
  step 132000/150000  train_loss=1.5308e-01  eval_mse=1.4672e-01  MSE/ridge=1.713  lr=1.14e-05  elapsed=197.0m  sec/step=0.090
    new best checkpoint: MSE/ridge=1.713 -> checkpoints/minimal_scale_canonical_single_dx40_tau16_am2p0_2p0_inv_rank_bs16_ga1_150000_s122.best.pt
  step 134000/150000  train_loss=4.6386e-01  eval_mse=1.4687e-01  MSE/ridge=1.685  lr=1.11e-05  elapsed=199.2m  sec/step=0.089
    new best checkpoint: MSE/ridge=1.685 -> checkpoints/minimal_scale_canonical_single_dx40_tau16_am2p0_2p0_inv_rank_bs16_ga1_150000_s122.best.pt
  step 136000/150000  train_loss=2.6602e-01  eval_mse=1.4726e-01  MSE/ridge=1.696  lr=1.09e-05  elapsed=201.5m  sec/step=0.089
  step 138000/150000  train_loss=2.8082e-01  eval_mse=1.4662e-01  MSE/ridge=1.698  lr=1.06e-05  elapsed=203.7m  sec/step=0.089
  step 140000/150000  train_loss=6.4163e-02  eval_mse=1.4575e-01  MSE/ridge=1.655  lr=1.04e-05  elapsed=205.9m  sec/step=0.088
    new best checkpoint: MSE/ridge=1.655 -> checkpoints/minimal_scale_canonical_single_dx40_tau16_am2p0_2p0_inv_rank_bs16_ga1_150000_s122.best.pt
    saved snapshot: checkpoints/minimal_scale_canonical_single_dx40_tau16_am2p0_2p0_inv_rank_bs16_ga1_150000_s122.step140000.pt
  step 142000/150000  train_loss=9.2218e-02  eval_mse=1.4629e-01  MSE/ridge=1.701  lr=1.03e-05  elapsed=208.1m  sec/step=0.088
  step 144000/150000  train_loss=3.2529e-01  eval_mse=1.4606e-01  MSE/ridge=1.669  lr=1.02e-05  elapsed=210.3m  sec/step=0.088
  step 146000/150000  train_loss=6.9441e-02  eval_mse=1.4595e-01  MSE/ridge=1.657  lr=1.01e-05  elapsed=212.5m  sec/step=0.087
  step 148000/150000  train_loss=1.2428e-01  eval_mse=1.4471e-01  MSE/ridge=1.676  lr=1.00e-05  elapsed=214.7m  sec/step=0.087
  step 150000/150000  train_loss=3.9216e-02  eval_mse=1.4444e-01  MSE/ridge=1.638  lr=1.00e-05  elapsed=216.9m  sec/step=0.087
    new best checkpoint: MSE/ridge=1.638 -> checkpoints/minimal_scale_canonical_single_dx40_tau16_am2p0_2p0_inv_rank_bs16_ga1_150000_s122.best.pt
    saved snapshot: checkpoints/minimal_scale_canonical_single_dx40_tau16_am2p0_2p0_inv_rank_bs16_ga1_150000_s122.step150000.pt

Skipped final profile/reference-grid evaluation (final_eval=false).

Saved checkpoints/minimal_scale_canonical_single_dx40_tau16_am2p0_2p0_inv_rank_bs16_ga1_150000_s122.pt
Best checkpoint: checkpoints/minimal_scale_canonical_single_dx40_tau16_am2p0_2p0_inv_rank_bs16_ga1_150000_s122.best.pt  (MSE/ridge=1.638)
